Total issues: 6827
Pending: 6819 (already done: 8)
Workers: 1 provider(s), 2 subagents/issue

[08:24:41] >>> circt-10006 (1/6819) [kimi3]
[08:26:57] OK circt-10006 (136s)
[08:27:02] >>> circt-10009 (2/6819) [kimi3]
[08:29:27] OK circt-10009 (145s)
[08:29:32] >>> circt-1001 (3/6819) [kimi3]
[08:32:38] OK circt-1001 (186s)
[08:32:43] >>> circt-10014 (4/6819) [kimi3]
[08:37:22] OK circt-10014 (279s)
[08:37:27] >>> circt-10015 (5/6819) [kimi3]
[08:41:29] OK circt-10015 (242s)
[08:41:34] >>> circt-10020 (6/6819) [kimi3]
[08:42:09] OK circt-10020 (35s)
[08:42:14] >>> circt-10025 (7/6819) [kimi3]
[08:44:52] OK circt-10025 (158s)
[08:44:57] >>> circt-10028 (8/6819) [kimi3]
[08:50:20] OK circt-10028 (323s)
[08:50:25] >>> circt-10030 (9/6819) [kimi3]
[08:54:01] OK circt-10030 (216s)
[08:54:06] >>> circt-10033 (10/6819) [kimi3]
[08:57:19] OK circt-10033 (193s)
[08:57:24] >>> circt-10035 (11/6819) [kimi3]
[08:59:07] OK circt-10035 (103s)
[08:59:12] >>> circt-10036 (12/6819) [kimi3]
[09:04:15] OK circt-10036 (303s)
[09:04:20] >>> circt-10039 (13/6819) [kimi3]
[09:05:04] OK circt-10039 (44s)
[09:05:09] >>> circt-10041 (14/6819) [kimi3]
[09:09:04] OK circt-10041 (235s)
[09:09:09] >>> circt-10047 (15/6819) [kimi3]
[09:09:55] OK circt-10047 (46s)
[09:10:00] >>> circt-10049 (16/6819) [kimi3]
[09:15:09] OK circt-10049 (309s)
[09:15:14] >>> circt-10051 (17/6819) [kimi3]
[09:15:57] OK circt-10051 (43s)
[09:16:02] >>> circt-10053 (18/6819) [kimi3]
[09:18:08] OK circt-10053 (126s)
[09:18:13] >>> circt-10057 (19/6819) [kimi3]
